2019-10-03 11:17:21 Iniciando...
2019-10-03 11:19:13 Iniciando...
2019-10-03 11:19:13 Listening on http://127.0.0.1:5002
2019-10-03 11:24:39 Iniciando...
2019-10-03 11:24:39 Listening on http://127.0.0.1:5002
2019-10-03 11:24:50 user connected
2019-10-03 11:25:23 user disconnected
2019-10-03 11:25:23 user connected
2019-10-03 11:27:27 Iniciando...
2019-10-03 11:27:27 Listening on http://127.0.0.1:5002
2019-10-03 11:27:28 user connected = NaN
2019-10-03 11:28:15 Iniciando...
2019-10-03 11:28:15 Listening on http://127.0.0.1:5002
2019-10-03 11:28:15 user connected = 1
2019-10-03 11:28:27 user connected = 2
2019-10-03 11:28:32 user disconnected
2019-10-03 11:29:13 user disconnected
2019-10-03 11:29:13 user connected = 3
2019-10-03 11:29:18 user disconnected
2019-10-03 11:29:26 Iniciando...
2019-10-03 11:29:26 Listening on http://127.0.0.1:5002
2019-10-03 11:29:34 user connected = 1
2019-10-03 12:32:27 Iniciando...
2019-10-03 12:32:27 Listening on http://127.0.0.1:5002
2019-10-03 12:32:41 user connected = 1
2019-10-03 12:42:51 Iniciando...
2019-10-03 12:42:51 Listening on http://127.0.0.1:5002
2019-10-03 12:42:58 user connected = 1
2019-10-03 12:43:51 user disconnected 0
2019-10-03 12:43:51 user connected = 1
2019-10-03 12:43:55 user disconnected 0
2019-10-03 12:43:56 user connected = 1
2019-10-03 12:45:14 user disconnected 0
2019-10-03 12:45:14 user connected = 1
2019-10-03 13:07:48 Iniciando...
2019-10-03 13:07:48 Listening on http://127.0.0.1:5002
2019-10-03 13:07:48 user connected = 1
2019-10-03 13:07:49 user disconnected 0
2019-10-03 13:07:50 user connected = 1
2019-10-03 13:07:55 user disconnected 0
2019-10-03 13:07:55 user connected = 1
2019-10-03 13:10:34 user disconnected 0
2019-10-03 13:10:34 user connected = 1
2019-10-03 13:16:19 user disconnected 0
2019-10-03 13:16:19 user connected = 1
2019-10-03 13:23:12 user disconnected 0
2019-10-03 13:23:13 user connected = 1
2019-10-03 13:28:58 user disconnected 0
2019-10-03 13:28:58 user connected = 1
2019-10-03 13:34:25 user disconnected 0
2019-10-03 13:34:25 user connected = 1
2019-10-03 13:38:55 user disconnected 0
2019-10-03 13:38:56 user connected = 1
2019-10-03 13:41:38 user disconnected 0
2019-10-03 13:41:38 user connected = 1
2019-10-03 13:44:43 user disconnected 0
2019-10-03 13:44:44 user connected = 1
2019-10-03 13:45:37 user disconnected 0
2019-10-03 13:45:37 user connected = 1
2019-10-03 13:50:52 user disconnected 0
2019-10-03 13:50:52 user connected = 1
2019-10-03 13:51:35 user disconnected 0
2019-10-03 13:51:35 user connected = 1
2019-10-03 13:52:08 user disconnected 0
2019-10-03 13:52:09 user connected = 1
2019-10-03 13:52:10 user disconnected 0
2019-10-03 13:52:10 user connected = 1
2019-10-03 13:52:20 user disconnected 0
2019-10-03 13:52:20 user connected = 1
2019-10-03 13:53:18 user disconnected 0
2019-10-03 13:53:18 user connected = 1
2019-10-03 13:54:06 user disconnected 0
2019-10-03 13:54:07 user connected = 1
2019-10-03 13:54:35 user disconnected 0
2019-10-03 13:54:36 user connected = 1
2019-10-03 13:55:09 user disconnected 0
2019-10-03 13:55:09 user connected = 1
2019-10-03 13:57:13 user disconnected 0
2019-10-03 13:57:14 user connected = 1
2019-10-03 13:58:58 user disconnected 0
2019-10-03 13:58:58 user connected = 1
2019-10-03 14:13:25 user connected = 2
2019-10-03 14:13:51 Iniciando...
2019-10-03 14:13:51 Listening on http://127.0.0.1:5002
2019-10-03 14:13:51 user connected = 1
2019-10-03 14:13:54 user connected = 2
2019-10-03 14:14:12 user disconnected 1
2019-10-03 14:14:12 user connected = 2
2019-10-03 14:14:27 user disconnected 1
2019-10-03 14:14:27 user connected = 2
2019-10-03 14:14:44 user disconnected 1
2019-10-03 14:14:46 user connected = 2
2019-10-03 14:15:03 user connected = 3
2019-10-03 14:15:16 user disconnected 2
2019-10-03 14:15:53 user disconnected 1
2019-10-03 14:15:53 user connected = 2
2019-10-03 14:16:25 user disconnected 1
2019-10-03 14:16:41 Iniciando...
2019-10-03 14:16:41 Listening on http://127.0.0.1:5002
2019-10-03 14:16:41 user connected = 1
2019-10-03 14:16:44 user disconnected 0
2019-10-03 14:16:44 user connected = 1
2019-10-03 14:16:49 user disconnected 0
2019-10-03 14:16:49 user connected = 1
2019-10-03 14:17:02 user connected = 2
2019-10-03 14:17:04 user disconnected 1
2019-10-03 14:17:04 user connected = 2
2019-10-03 14:17:40 user disconnected 1
2019-10-03 14:49:51 Iniciando...
2019-10-03 14:49:52 Listening on http://127.0.0.1:5002
2019-10-03 14:49:56 user connected = 1
2019-10-03 14:50:11 user disconnected 0
2019-10-03 14:50:11 user connected = 1
2019-10-03 14:50:55 Iniciando...
2019-10-03 14:50:55 Listening on http://127.0.0.1:5002
2019-10-03 14:50:55 user connected = 1
2019-10-03 14:50:57 user disconnected 0
2019-10-03 14:50:57 user connected = 1
2019-10-03 14:52:25 user disconnected 0
2019-10-03 14:52:25 user connected = 1
2019-10-03 14:53:04 Iniciando...
2019-10-03 14:53:04 Listening on http://127.0.0.1:5002
2019-10-03 14:53:04 user connected = 1
2019-10-03 14:53:06 user disconnected 0
2019-10-03 14:53:06 user connected = 1
2019-10-03 14:53:42 user disconnected 0
2019-10-03 14:53:43 user connected = 1
2019-10-03 14:54:20 Iniciando...
2019-10-03 14:54:20 Listening on http://127.0.0.1:5002
2019-10-03 14:54:20 user connected = 1
2019-10-03 14:54:21 user disconnected 0
2019-10-03 14:54:21 user connected = 1
2019-10-03 14:57:36 Iniciando...
2019-10-03 14:57:36 Listening on http://127.0.0.1:5002
2019-10-03 14:57:36 user connected = 1
2019-10-03 14:57:38 user disconnected 0
2019-10-03 14:57:38 user connected = 1
2019-10-03 14:59:42 Iniciando...
2019-10-03 14:59:42 Listening on http://127.0.0.1:5002
2019-10-03 14:59:42 user connected = 1
2019-10-03 14:59:44 user disconnected 0
2019-10-03 14:59:44 user connected = 1
2019-10-03 15:01:32 user disconnected 0
2019-10-03 15:01:32 user connected = 1
2019-10-03 15:02:34 user disconnected 0
2019-10-03 15:02:34 user connected = 1
2019-10-03 15:03:17 user disconnected 0
2019-10-03 15:03:17 user connected = 1
2019-10-03 15:03:44 user disconnected 0
2019-10-03 15:03:44 user connected = 1
2019-10-03 15:04:48 user disconnected 0
2019-10-03 15:04:49 user connected = 1
2019-10-03 15:07:21 user disconnected 0
2019-10-03 15:07:21 user connected = 1
2019-10-03 15:07:58 user disconnected 0
2019-10-03 15:07:58 user connected = 1
2019-10-03 15:10:56 user disconnected 0
2019-10-03 15:10:56 user connected = 1
2019-10-03 15:19:34 user disconnected 0
2019-10-03 15:19:35 user connected = 1
2019-10-03 15:20:46 Iniciando...
2019-10-03 15:20:46 Listening on http://127.0.0.1:5002
2019-10-03 15:20:46 user connected = 1
2019-10-03 15:20:49 user disconnected 0
2019-10-03 15:20:49 user connected = 1
2019-10-03 15:22:39 user disconnected 0
2019-10-03 15:22:39 user connected = 1
2019-10-03 15:22:50 user disconnected 0
2019-10-03 15:22:50 user connected = 1
2019-10-03 15:23:02 user disconnected 0
2019-10-03 15:23:02 user connected = 1
2019-10-03 15:24:37 user disconnected 0
2019-10-03 15:24:37 user connected = 1
2019-10-03 15:26:08 user disconnected 0
2019-10-03 15:26:09 user connected = 1
2019-10-03 15:26:33 user disconnected 0
2019-10-03 15:26:33 user connected = 1
2019-10-03 15:27:27 user disconnected 0
2019-10-03 15:27:27 user connected = 1
2019-10-03 15:28:37 user disconnected 0
2019-10-03 15:28:37 user connected = 1
2019-10-03 15:40:22 user disconnected 0
2019-10-03 15:40:27 user connected = 1
2019-10-03 17:07:17 Iniciando...
2019-10-03 17:07:17 Listening on http://127.0.0.1:5002
2019-10-03 17:07:18 user connected = 1
2019-10-03 17:07:38 user disconnected 0
2019-10-03 17:07:39 user connected = 1
2019-10-03 17:09:38 Iniciando...
2019-10-03 17:09:38 Listening on http://127.0.0.1:5002
2019-10-03 17:09:38 user connected = 1
2019-10-03 17:09:40 user disconnected 0
2019-10-03 17:09:40 user connected = 1
2019-10-03 17:12:03 Iniciando...
2019-10-03 17:12:03 Listening on http://127.0.0.1:5002
2019-10-03 17:12:03 user connected = 1
2019-10-03 17:12:07 user disconnected 0
2019-10-03 17:12:07 user connected = 1
2019-10-03 17:19:56 Iniciando...
2019-10-03 17:19:56 Listening on http://127.0.0.1:5002
2019-10-03 17:19:56 user connected = 1
2019-10-03 17:20:04 user disconnected 0
2019-10-03 17:20:04 user connected = 1
2019-10-03 17:23:01 user disconnected 0
2019-10-03 17:23:01 user connected = 1
2019-10-03 17:24:08 Iniciando...
2019-10-03 17:24:08 Listening on http://127.0.0.1:5002
2019-10-03 17:24:08 user connected = 1
2019-10-03 17:24:13 user disconnected 0
2019-10-03 17:24:13 user connected = 1
2019-10-03 17:25:05 Iniciando...
2019-10-03 17:25:05 Listening on http://127.0.0.1:5002
2019-10-03 17:25:07 user connected = 1
2019-10-03 17:25:09 user disconnected 0
2019-10-03 17:25:09 user connected = 1
2019-10-03 17:27:55 user disconnected 0
2019-10-03 17:27:55 user connected = 1
2019-10-03 17:34:15 Iniciando...
2019-10-03 17:34:15 Listening on http://127.0.0.1:5002
2019-10-03 17:34:15 user connected = 1
2019-10-03 17:34:17 user disconnected 0
2019-10-03 17:34:18 user connected = 1
2019-10-03 17:39:57 user disconnected 0
2019-10-03 17:39:57 user connected = 1
2019-10-03 17:44:29 Iniciando...
2019-10-03 17:44:29 Listening on http://127.0.0.1:5002
2019-10-03 17:44:39 user connected = 1
2019-10-03 17:44:55 user disconnected 0
2019-10-03 17:44:56 user connected = 1
2019-10-03 17:45:16 user disconnected 0
2019-10-03 17:45:44 Iniciando...
2019-10-03 17:45:44 Listening on http://127.0.0.1:5002
2019-10-03 17:45:50 user connected = 1
2019-10-03 17:49:58 Iniciando...
2019-10-03 17:49:58 Listening on http://127.0.0.1:5002
2019-10-03 17:50:05 user connected = 1
2019-10-03 17:52:17 user disconnected 0
2019-10-03 17:52:47 Iniciando...
2019-10-03 17:52:47 Listening on http://127.0.0.1:5002
2019-10-03 17:52:52 user connected = 1
2019-10-03 17:53:23 user disconnected 0
2019-10-03 17:53:24 user connected = 1
2019-10-03 17:54:47 user disconnected 0
2019-10-03 17:55:08 Iniciando...
2019-10-03 17:55:08 Listening on http://127.0.0.1:5002
2019-10-03 17:55:15 user connected = 1
2019-10-03 17:58:59 user disconnected 0
2019-10-03 17:58:59 user connected = 1
2019-10-03 17:59:29 user disconnected 0
2019-10-03 17:59:31 user connected = 1
2019-10-03 18:01:47 user disconnected 0
2019-10-03 18:01:49 user connected = 1
2019-10-03 18:04:23 user disconnected 0
2019-10-03 18:04:24 user connected = 1
2019-10-03 18:05:06 user disconnected 0
2019-10-03 18:05:06 user connected = 1
2019-10-03 18:05:26 user disconnected 0
2019-10-03 18:05:43 user connected = 1
2019-10-03 18:06:13 user disconnected 0
2019-10-03 20:21:37 Iniciando...
2019-10-03 20:21:37 Listening on http://127.0.0.1:5002
2019-10-03 20:21:59 user connected = 1
2019-10-03 20:33:08 Iniciando...
2019-10-03 20:33:08 Listening on http://127.0.0.1:5002
2019-10-03 20:33:08 user connected = 1
2019-10-03 20:33:10 user disconnected 0
2019-10-03 20:33:11 user connected = 1
2019-10-03 20:34:22 Iniciando...
2019-10-03 20:34:22 Listening on http://127.0.0.1:5002
2019-10-03 20:34:35 user connected = 1
2019-10-03 20:35:15 user disconnected 0
2019-10-03 20:35:54 Iniciando...
2019-10-03 20:35:55 Listening on http://127.0.0.1:5002
2019-10-03 20:36:08 user connected = 1
2019-10-03 20:36:32 user disconnected 0
2019-10-03 20:36:32 user connected = 1
2019-10-03 20:37:45 Iniciando...
2019-10-03 20:37:45 Listening on http://127.0.0.1:5002
2019-10-03 20:37:46 user connected = 1
2019-10-03 20:37:48 user disconnected 0
2019-10-03 20:37:49 user connected = 1
2019-10-03 20:37:54 user disconnected 0
2019-10-03 20:37:54 user connected = 1
2019-10-03 20:37:58 user disconnected 0
2019-10-03 20:37:58 user connected = 1
2019-10-03 20:40:09 Iniciando...
2019-10-03 20:40:09 Listening on http://127.0.0.1:5002
2019-10-03 20:40:10 user connected = 1
2019-10-03 20:40:12 user disconnected 0
2019-10-03 20:40:13 user connected = 1
2019-10-03 20:41:42 Iniciando...
2019-10-03 20:41:42 Listening on http://127.0.0.1:5002
2019-10-03 20:41:44 user connected = 1
2019-10-03 20:41:46 user disconnected 0
2019-10-03 20:41:47 user connected = 1
2019-10-03 20:41:54 user disconnected 0
2019-10-03 20:41:54 user connected = 1
2019-10-03 20:49:44 Iniciando...
2019-10-03 20:49:44 Listening on http://127.0.0.1:5002
2019-10-03 20:49:44 user connected = 1
2019-10-03 20:49:45 user disconnected 0
2019-10-03 20:49:45 user connected = 1
2019-10-03 20:49:51 user disconnected 0
2019-10-03 20:49:51 user connected = 1
2019-10-03 20:55:35 Iniciando...
2019-10-03 20:55:35 Listening on http://127.0.0.1:5002
2019-10-03 20:55:39 user connected = 1
2019-10-03 20:55:47 user disconnected 0
2019-10-03 20:55:47 user connected = 1
2019-10-03 21:04:41 Iniciando...
2019-10-03 21:04:41 Listening on http://127.0.0.1:5002
2019-10-03 21:04:45 user connected = 1
2019-10-03 21:04:48 user disconnected 0
2019-10-03 21:04:48 user connected = 1
2019-10-03 21:07:13 Iniciando...
2019-10-03 21:07:13 Listening on http://127.0.0.1:5002
2019-10-03 21:07:13 user connected = 1
2019-10-03 21:07:14 user disconnected 0
2019-10-03 21:07:16 user connected = 1
2019-10-03 21:07:16 user disconnected 0
2019-10-03 21:07:16 user connected = 1
2019-10-03 21:09:38 Iniciando...
2019-10-03 21:09:38 Listening on http://127.0.0.1:5002
2019-10-03 21:09:39 user connected = 1
2019-10-03 21:09:41 user disconnected 0
2019-10-03 21:09:42 user connected = 1
2019-10-03 21:09:42 user disconnected 0
2019-10-03 21:09:43 user connected = 1
2019-10-03 21:11:42 user disconnected 0
2019-10-03 21:12:43 Iniciando...
2019-10-03 21:12:43 Listening on http://127.0.0.1:5002
2019-10-03 21:12:53 user connected = 1
2019-10-03 21:13:05 user disconnected 0
2019-10-03 21:13:06 user connected = 1
2019-10-03 21:13:07 user disconnected 0
2019-10-03 21:13:07 user connected = 1
2019-10-03 21:13:37 user disconnected 0
2019-10-03 21:13:38 user connected = 1
2019-10-03 21:15:08 Iniciando...
2019-10-03 21:15:08 Listening on http://127.0.0.1:5002
2019-10-03 21:15:10 user connected = 1
2019-10-03 21:15:11 user connected = 2
2019-10-03 21:15:12 user disconnected 1
2019-10-03 21:15:12 user connected = 2
2019-10-03 21:15:40 user disconnected 1
2019-10-03 21:17:53 Iniciando...
2019-10-03 21:17:53 Listening on http://127.0.0.1:5002
2019-10-03 21:17:55 user connected = 1
2019-10-03 21:17:56 user disconnected 0
2019-10-03 21:17:58 user connected = 1
2019-10-03 21:17:59 user disconnected 0
2019-10-03 21:17:59 user connected = 1
2019-10-03 21:20:29 Iniciando...
2019-10-03 21:20:29 Listening on http://127.0.0.1:5002
2019-10-03 21:20:32 user connected = 1
2019-10-03 21:20:32 user disconnected 0
2019-10-03 21:20:34 user connected = 1
2019-10-03 21:20:35 user disconnected 0
2019-10-03 21:20:35 user connected = 1
2019-10-03 21:22:34 Iniciando...
2019-10-03 21:22:34 Listening on http://127.0.0.1:5002
2019-10-03 21:22:35 user connected = 1
2019-10-03 21:22:36 user disconnected 0
2019-10-03 21:22:36 user connected = 1
2019-10-03 21:23:17 user disconnected 0
2019-10-03 21:23:17 user connected = 1
2019-10-03 21:24:02 Iniciando...
2019-10-03 21:24:02 Listening on http://127.0.0.1:5002
2019-10-03 21:24:02 user connected = 1
2019-10-03 21:24:06 user disconnected 0
2019-10-03 21:24:07 user connected = 1
2019-10-03 21:24:07 user disconnected 0
2019-10-03 21:24:07 user connected = 1
2019-10-03 21:25:18 Iniciando...
2019-10-03 21:25:18 Listening on http://127.0.0.1:5002
2019-10-03 21:25:18 user connected = 1
2019-10-03 21:25:20 user disconnected 0
2019-10-03 21:25:21 user connected = 1
2019-10-03 21:25:22 user disconnected 0
2019-10-03 21:25:22 user connected = 1
2019-10-03 21:27:27 Iniciando...
2019-10-03 21:27:27 Listening on http://127.0.0.1:5002
2019-10-03 21:27:27 user connected = 1
2019-10-03 21:27:45 Iniciando...
2019-10-03 21:27:46 Listening on http://127.0.0.1:5002
2019-10-03 21:27:47 user connected = 1
2019-10-03 21:27:49 user disconnected 0
2019-10-03 21:27:50 user connected = 1
2019-10-03 21:27:51 user disconnected 0
2019-10-03 21:27:51 user connected = 1
2019-10-03 21:30:44 Iniciando...
2019-10-03 21:30:44 Listening on http://127.0.0.1:5002
2019-10-03 21:30:49 user connected = 1
2019-10-03 21:30:50 user disconnected 0
2019-10-03 21:30:51 user connected = 1
2019-10-03 21:30:51 user disconnected 0
2019-10-03 21:30:51 user connected = 1
2019-10-03 21:35:57 Iniciando...
2019-10-03 21:35:57 Listening on http://127.0.0.1:5002
2019-10-03 21:36:00 user connected = 1
2019-10-03 21:36:01 user disconnected 0
2019-10-03 21:36:02 user connected = 1
2019-10-03 21:36:02 user disconnected 0
2019-10-03 21:36:02 user connected = 1
2019-10-03 21:41:12 Iniciando...
2019-10-03 21:41:13 Listening on http://127.0.0.1:5002
2019-10-03 21:41:13 user connected = 1
2019-10-03 21:41:23 user disconnected 0
2019-10-03 21:41:24 user connected = 1
2019-10-03 21:41:24 user disconnected 0
2019-10-03 21:41:25 user connected = 1
2019-10-03 21:51:48 Iniciando...
2019-10-03 21:51:49 Listening on http://127.0.0.1:5002
2019-10-03 21:51:51 user connected = 1
2019-10-03 21:51:55 user disconnected 0
2019-10-03 21:51:56 user connected = 1
2019-10-03 21:52:06 user disconnected 0
2019-10-03 21:52:06 user connected = 1
2019-10-04 08:51:47 Iniciando...
2019-10-04 08:51:47 Listening on http://127.0.0.1:5002
2019-10-04 08:51:59 user connected = 1
2019-10-04 08:59:32 Iniciando...
2019-10-04 08:59:32 Listening on http://127.0.0.1:5002
2019-10-04 08:59:33 user connected = 1
2019-10-04 08:59:34 user disconnected 0
2019-10-04 08:59:35 user connected = 1
2019-10-04 08:59:36 user disconnected 0
2019-10-04 08:59:36 user connected = 1
2019-10-04 09:00:06 user disconnected 0
2019-10-04 09:00:07 user connected = 1
2019-10-04 09:00:09 user connected = 1
2019-10-04 09:01:13 Iniciando...
2019-10-04 09:01:13 Listening on http://127.0.0.1:5002
2019-10-04 09:01:13 user connected = 1
2019-10-04 09:01:13 user connected = 1
2019-10-04 09:01:15 user disconnected 0
2019-10-04 09:01:16 user connected = 1
2019-10-04 09:01:17 user disconnected 0
2019-10-04 09:01:18 user connected = 1
2019-10-04 09:01:46 user disconnected 0
2019-10-04 09:01:46 user connected = 1
2019-10-04 09:01:48 user disconnected 0
2019-10-04 09:01:49 user connected = 1
2019-10-04 09:02:38 user disconnected 0
2019-10-04 09:02:52 user disconnected 0
2019-10-04 09:11:24 Iniciando...
2019-10-04 09:11:25 Listening on http://127.0.0.1:5002
2019-10-04 09:11:54 Iniciando...
2019-10-04 09:11:54 Listening on http://127.0.0.1:5002
2019-10-04 09:13:09 Iniciando...
2019-10-04 09:13:09 Listening on http://127.0.0.1:5002
2019-10-04 09:13:37 Iniciando...
2019-10-04 09:13:37 Listening on http://127.0.0.1:5002
2019-10-04 09:13:45 user connected = 1
2019-10-04 09:13:45 user connected = 1
2019-10-04 09:13:50 user disconnected 0
2019-10-04 09:13:51 user connected = 1
2019-10-04 09:13:57 user disconnected 0
2019-10-04 09:13:57 user connected = 1
2019-10-04 09:14:12 user disconnected 0
2019-10-04 09:14:15 user disconnected 0
2019-10-04 10:41:33 Iniciando...
2019-10-04 10:41:33 Listening on http://127.0.0.1:5002
2019-10-04 10:45:58 user connected = 1
2019-10-04 10:58:16 Iniciando...
2019-10-04 10:58:16 Listening on http://127.0.0.1:5002
2019-10-04 10:58:27 Dashboard connected!
2019-10-04 11:00:44 Iniciando...
2019-10-04 11:00:44 Listening on http://127.0.0.1:5002
2019-10-04 11:00:50 Dashboard connected!
2019-10-04 11:01:46 Iniciando...
2019-10-04 11:01:46 Listening on http://127.0.0.1:5002
2019-10-04 11:01:51 Dashboard connected!
2019-10-04 11:02:17 Iniciando...
2019-10-04 11:02:17 Listening on http://127.0.0.1:5002
2019-10-04 11:02:19 Dashboard connected!
2019-10-04 11:10:14 Iniciando...
2019-10-04 11:10:14 Listening on http://127.0.0.1:5002
2019-10-04 11:10:15 Dashboard connected!
2019-10-04 11:10:20 Dashboard disconnected!
2019-10-04 11:11:41 Dashboard connected!
2019-10-04 11:12:11 Dashboard disconnected!
2019-10-04 11:13:38 Dashboard connected!
2019-10-04 11:13:52 Dashboard disconnected!
2019-10-04 11:15:44 Iniciando...
2019-10-04 11:15:44 Listening on http://127.0.0.1:5002
2019-10-04 11:21:16 Iniciando...
2019-10-04 11:21:16 Listening on http://127.0.0.1:5002
2019-10-04 11:44:15 Iniciando...
2019-10-04 11:44:16 Listening on http://127.0.0.1:5002
2019-10-04 11:45:41 Iniciando...
2019-10-04 11:45:41 Listening on http://127.0.0.1:5002
2019-10-04 11:45:49 user connected = 1
2019-10-04 11:45:56 user disconnected 0
2019-10-04 11:51:49 Iniciando...
2019-10-04 11:51:49 Listening on http://127.0.0.1:5002
2019-10-04 11:52:06 user connected = undefined
2019-10-04 11:52:31 Iniciando...
2019-10-04 11:52:31 Listening on http://127.0.0.1:5002
2019-10-04 11:52:32 user connected = [object Object]
2019-10-04 11:52:32 user disconnected [object Object]
2019-10-04 11:52:33 user connected = [object Object]
2019-10-04 11:57:23 Iniciando...
2019-10-04 11:57:23 Listening on http://127.0.0.1:5002
2019-10-04 11:57:31 user connected = [object Object]
2019-10-04 12:22:02 Iniciando...
2019-10-04 12:22:03 Listening on http://127.0.0.1:5002
2019-10-04 12:22:05 user connected = [object Object]
2019-10-04 12:23:29 Iniciando...
2019-10-04 12:23:30 Listening on http://127.0.0.1:5002
2019-10-04 12:24:05 Iniciando...
2019-10-04 12:24:06 Listening on http://127.0.0.1:5002
2019-10-04 12:24:50 Iniciando...
2019-10-04 12:24:50 Listening on http://127.0.0.1:5002
2019-10-04 12:30:25 Iniciando...
2019-10-04 12:30:25 Listening on http://127.0.0.1:5002
2019-10-04 12:30:30 user connected = [object Object]
2019-10-04 12:30:51 Dashboard connected!
2019-10-04 12:31:26 user disconnected [object Object]
2019-10-04 12:31:46 user connected = [object Object]
2019-10-04 12:31:51 user disconnected [object Object]
2019-10-04 12:31:58 Dashboard disconnected!
2019-10-04 13:01:54 Dashboard connected!
2019-10-04 13:01:58 Dashboard disconnected!
2019-10-04 13:02:38 Iniciando...
2019-10-04 13:02:38 Listening on http://127.0.0.1:5002
2019-10-04 13:06:48 Iniciando...
2019-10-04 13:06:48 Listening on http://127.0.0.1:5002
2019-10-04 22:11:53 Iniciando...
2019-10-04 22:11:53 Listening on http://127.0.0.1:5002
2019-10-04 22:24:36 Iniciando...
2019-10-04 22:24:36 Listening on http://127.0.0.1:5002
2019-10-04 22:27:13 Iniciando...
2019-10-04 22:27:13 Listening on http://127.0.0.1:5002
2019-10-04 22:34:10 Iniciando...
2019-10-04 22:34:10 Listening on http://127.0.0.1:5002
2019-10-04 22:38:26 Iniciando...
2019-10-04 22:38:26 Listening on http://127.0.0.1:5002
2019-10-04 23:31:57 Iniciando...
2019-10-04 23:31:57 Listening on http://127.0.0.1:5002
2019-10-04 23:35:37 Iniciando...
2019-10-04 23:35:37 Listening on http://127.0.0.1:5002
2019-10-04 23:43:44 Iniciando...
2019-10-04 23:43:45 Listening on http://127.0.0.1:5002
